2025-06-05 17:06:35,301 - main - INFO - Total tasks: 360
2025-06-05 17:06:35,497 - main - INFO - Device cuda:0 is available
2025-06-05 17:06:35,497 - main - INFO - Device cuda:1 is available
2025-06-05 17:06:35,497 - main - INFO - Device cuda:2 is available
2025-06-05 17:06:35,497 - main - INFO - Device cuda:3 is available
2025-06-05 17:06:35,497 - main - INFO - Device cuda:4 is available
2025-06-05 17:06:35,498 - main - INFO - Device cuda:5 is available
2025-06-05 17:06:35,498 - main - INFO - Device cuda:6 is available
2025-06-05 17:06:35,498 - main - INFO - Device cuda:7 is available
2025-06-05 17:06:35,498 - main - INFO - Process 0 assigned 45 tasks on cuda:0
2025-06-05 17:06:35,498 - main - INFO - Process 1 assigned 45 tasks on cuda:1
2025-06-05 17:06:35,498 - main - INFO - Process 2 assigned 45 tasks on cuda:2
2025-06-05 17:06:35,498 - main - INFO - Process 3 assigned 45 tasks on cuda:3
2025-06-05 17:06:35,498 - main - INFO - Process 4 assigned 45 tasks on cuda:4
2025-06-05 17:06:35,498 - main - INFO - Process 5 assigned 45 tasks on cuda:5
2025-06-05 17:06:35,498 - main - INFO - Process 6 assigned 45 tasks on cuda:6
2025-06-05 17:06:35,498 - main - INFO - Process 7 assigned 45 tasks on cuda:7
2025-06-05 17:06:35,498 - main - INFO - Starting all processes...
2025-06-05 17:06:35,501 - main - INFO - Process 0 started
2025-06-05 17:06:35,502 - main - INFO - Process 1 started
2025-06-05 17:06:35,503 - main - INFO - Process 2 started
2025-06-05 17:06:35,504 - main - INFO - Process 3 started
2025-06-05 17:06:35,504 - main - INFO - Process 4 started
2025-06-05 17:06:35,505 - main - INFO - Process 5 started
2025-06-05 17:06:35,506 - main - INFO - Process 6 started
2025-06-05 17:06:35,507 - main - INFO - Process 7 started
2025-06-05 17:06:35,507 - main - INFO - Waiting for all processes to complete...
2025-06-12 00:46:20,980 - main - INFO - Process 0 finished
2025-06-12 00:46:20,987 - main - INFO - Process 1 finished
2025-06-12 00:46:20,987 - main - INFO - Process 2 finished
