2025-06-05 17:06:38,625 - process_6 - INFO - Process 6 started on cuda:6
2025-06-05 17:06:40,698 - process_6 - INFO - Process 6 - Task 1/45 - seed: 666, exp: 10way_5shot, lambda: 0.1
2025-06-05 17:06:40,823 - process_6 - INFO - Process 6 - Loading dataset
2025-06-05 17:06:40,844 - process_6 - INFO - Process 6 - Starting training
2025-06-05 20:41:32,039 - process_6 - INFO - Process 6 - Starting testing
2025-06-05 21:17:29,747 - process_6 - INFO - Process 6 - Task 1/45 completed successfully
2025-06-05 21:17:29,748 - process_6 - INFO - Process 6 - Task 2/45 - seed: 666, exp: 10way_5shot, lambda: 0.2
2025-06-05 21:17:29,912 - process_6 - INFO - Process 6 - Starting training
2025-06-06 00:41:29,012 - process_6 - INFO - Process 6 - Starting testing
2025-06-06 01:17:38,086 - process_6 - INFO - Process 6 - Task 2/45 completed successfully
2025-06-06 01:17:38,086 - process_6 - INFO - Process 6 - Task 3/45 - seed: 666, exp: 10way_5shot, lambda: 0.3
2025-06-06 01:17:38,211 - process_6 - INFO - Process 6 - Starting training
2025-06-06 04:46:18,455 - process_6 - INFO - Process 6 - Starting testing
2025-06-06 05:22:20,436 - process_6 - INFO - Process 6 - Task 3/45 completed successfully
2025-06-06 05:22:20,438 - process_6 - INFO - Process 6 - Task 4/45 - seed: 666, exp: 10way_5shot, lambda: 0.4
2025-06-06 05:22:20,548 - process_6 - INFO - Process 6 - Starting training
2025-06-06 10:30:23,558 - process_6 - INFO - Process 6 - Starting testing
2025-06-06 11:04:38,309 - process_6 - INFO - Process 6 - Task 4/45 completed successfully
2025-06-06 11:04:38,312 - process_6 - INFO - Process 6 - Task 5/45 - seed: 666, exp: 10way_5shot, lambda: 0.6
2025-06-06 11:04:38,493 - process_6 - INFO - Process 6 - Starting training
2025-06-06 14:06:13,787 - process_6 - INFO - Process 6 - Starting testing
2025-06-06 14:40:28,321 - process_6 - INFO - Process 6 - Task 5/45 completed successfully
2025-06-06 14:40:28,322 - process_6 - INFO - Process 6 - Task 6/45 - seed: 666, exp: 10way_5shot, lambda: 0.7
2025-06-06 14:40:28,445 - process_6 - INFO - Process 6 - Starting training
2025-06-06 18:17:50,559 - process_6 - INFO - Process 6 - Starting testing
2025-06-06 18:52:55,167 - process_6 - INFO - Process 6 - Task 6/45 completed successfully
2025-06-06 18:52:55,167 - process_6 - INFO - Process 6 - Task 7/45 - seed: 666, exp: 10way_5shot, lambda: 0.8
2025-06-06 18:52:55,461 - process_6 - INFO - Process 6 - Starting training
2025-06-07 00:25:53,601 - process_6 - INFO - Process 6 - Starting testing
2025-06-07 01:01:58,290 - process_6 - INFO - Process 6 - Task 7/45 completed successfully
2025-06-07 01:01:58,290 - process_6 - INFO - Process 6 - Task 8/45 - seed: 666, exp: 10way_5shot, lambda: 0.9
2025-06-07 01:01:58,484 - process_6 - INFO - Process 6 - Starting training
2025-06-07 04:51:31,623 - process_6 - INFO - Process 6 - Starting testing
2025-06-07 05:26:41,715 - process_6 - INFO - Process 6 - Task 8/45 completed successfully
2025-06-07 05:26:41,715 - process_6 - INFO - Process 6 - Task 9/45 - seed: 666, exp: 10way_5shot, lambda: 1.0
2025-06-07 05:26:41,856 - process_6 - INFO - Process 6 - Starting training
2025-06-07 09:28:42,884 - process_6 - INFO - Process 6 - Starting testing
2025-06-07 10:04:57,227 - process_6 - INFO - Process 6 - Task 9/45 completed successfully
2025-06-07 10:04:57,229 - process_6 - INFO - Process 6 - Task 10/45 - seed: 666, exp: 10way_10shot, lambda: 0.1
2025-06-07 10:04:57,403 - process_6 - INFO - Process 6 - Starting training
2025-06-07 13:06:57,547 - process_6 - INFO - Process 6 - Starting testing
2025-06-07 13:41:36,978 - process_6 - INFO - Process 6 - Task 10/45 completed successfully
2025-06-07 13:41:36,980 - process_6 - INFO - Process 6 - Task 11/45 - seed: 666, exp: 10way_10shot, lambda: 0.2
2025-06-07 13:41:37,106 - process_6 - INFO - Process 6 - Starting training
2025-06-07 18:48:37,018 - process_6 - INFO - Process 6 - Starting testing
2025-06-07 19:22:43,697 - process_6 - INFO - Process 6 - Task 11/45 completed successfully
2025-06-07 19:22:43,698 - process_6 - INFO - Process 6 - Task 12/45 - seed: 666, exp: 10way_10shot, lambda: 0.3
2025-06-07 19:22:43,813 - process_6 - INFO - Process 6 - Starting training
2025-06-07 23:41:50,461 - process_6 - INFO - Process 6 - Starting testing
2025-06-08 00:16:18,129 - process_6 - INFO - Process 6 - Task 12/45 completed successfully
2025-06-08 00:16:18,130 - process_6 - INFO - Process 6 - Task 13/45 - seed: 666, exp: 10way_10shot, lambda: 0.4
2025-06-08 00:16:18,250 - process_6 - INFO - Process 6 - Starting training
2025-06-08 03:15:42,746 - process_6 - INFO - Process 6 - Starting testing
2025-06-08 03:51:10,335 - process_6 - INFO - Process 6 - Task 13/45 completed successfully
2025-06-08 03:51:10,337 - process_6 - INFO - Process 6 - Task 14/45 - seed: 666, exp: 10way_10shot, lambda: 0.6
2025-06-08 03:51:10,443 - process_6 - INFO - Process 6 - Starting training
2025-06-08 07:02:26,071 - process_6 - INFO - Process 6 - Starting testing
2025-06-08 07:36:38,960 - process_6 - INFO - Process 6 - Task 14/45 completed successfully
2025-06-08 07:36:38,962 - process_6 - INFO - Process 6 - Task 15/45 - seed: 666, exp: 10way_10shot, lambda: 0.7
2025-06-08 07:36:39,077 - process_6 - INFO - Process 6 - Starting training
2025-06-08 11:08:47,856 - process_6 - INFO - Process 6 - Starting testing
2025-06-08 11:44:30,194 - process_6 - INFO - Process 6 - Task 15/45 completed successfully
2025-06-08 11:44:30,194 - process_6 - INFO - Process 6 - Task 16/45 - seed: 666, exp: 10way_10shot, lambda: 0.8
2025-06-08 11:44:30,317 - process_6 - INFO - Process 6 - Starting training
2025-06-08 14:20:36,111 - process_6 - INFO - Process 6 - Starting testing
2025-06-08 14:54:42,964 - process_6 - INFO - Process 6 - Task 16/45 completed successfully
2025-06-08 14:54:42,966 - process_6 - INFO - Process 6 - Task 17/45 - seed: 666, exp: 10way_10shot, lambda: 0.9
2025-06-08 14:54:43,073 - process_6 - INFO - Process 6 - Starting training
2025-06-08 17:19:14,651 - process_6 - INFO - Process 6 - Starting testing
2025-06-08 17:55:33,829 - process_6 - INFO - Process 6 - Task 17/45 completed successfully
2025-06-08 17:55:33,829 - process_6 - INFO - Process 6 - Task 18/45 - seed: 666, exp: 10way_10shot, lambda: 1.0
2025-06-08 17:55:33,961 - process_6 - INFO - Process 6 - Starting training
2025-06-08 22:45:49,586 - process_6 - INFO - Process 6 - Starting testing
2025-06-08 23:21:27,448 - process_6 - INFO - Process 6 - Task 18/45 completed successfully
2025-06-08 23:21:27,450 - process_6 - INFO - Process 6 - Task 19/45 - seed: 11, exp: 5way_5shot, lambda: 0.1
2025-06-08 23:21:27,578 - process_6 - INFO - Process 6 - Starting training
2025-06-09 02:48:44,934 - process_6 - INFO - Process 6 - Starting testing
2025-06-09 03:12:56,319 - process_6 - INFO - Process 6 - Task 19/45 completed successfully
2025-06-09 03:12:56,320 - process_6 - INFO - Process 6 - Task 20/45 - seed: 11, exp: 5way_5shot, lambda: 0.2
2025-06-09 03:12:56,451 - process_6 - INFO - Process 6 - Starting training
2025-06-09 06:16:40,857 - process_6 - ERROR - Process 6 error with task (seed=11, exp=5way_5shot, lambda=0.2): DataLoader worker (pid 4079581) is killed by signal: Bus error. It is possible that dataloader's workers are out of shared memory. Please try to raise your shared memory limit.
2025-06-09 06:16:40,858 - process_6 - ERROR - Process 6 - Exception details: RuntimeError: DataLoader worker (pid 4079581) is killed by signal: Bus error. It is possible that dataloader's workers are out of shared memory. Please try to raise your shared memory limit.
2025-06-09 06:16:41,535 - process_6 - INFO - Process 6 - Task 21/45 - seed: 11, exp: 5way_5shot, lambda: 0.3
2025-06-09 06:16:41,773 - process_6 - INFO - Process 6 - Starting training
2025-06-09 10:36:48,084 - process_6 - INFO - Process 6 - Starting testing
2025-06-09 11:01:20,890 - process_6 - INFO - Process 6 - Task 21/45 completed successfully
2025-06-09 11:01:20,890 - process_6 - INFO - Process 6 - Task 22/45 - seed: 11, exp: 5way_5shot, lambda: 0.4
2025-06-09 11:01:21,077 - process_6 - INFO - Process 6 - Starting training
2025-06-09 13:25:52,300 - process_6 - INFO - Process 6 - Starting testing
2025-06-09 13:50:56,056 - process_6 - INFO - Process 6 - Task 22/45 completed successfully
2025-06-09 13:50:56,057 - process_6 - INFO - Process 6 - Task 23/45 - seed: 11, exp: 5way_5shot, lambda: 0.6
2025-06-09 13:50:56,168 - process_6 - INFO - Process 6 - Starting training
2025-06-09 15:33:51,554 - process_6 - INFO - Process 6 - Starting testing
2025-06-09 15:58:34,004 - process_6 - INFO - Process 6 - Task 23/45 completed successfully
2025-06-09 15:58:34,006 - process_6 - INFO - Process 6 - Task 24/45 - seed: 11, exp: 5way_5shot, lambda: 0.7
2025-06-09 15:58:34,127 - process_6 - INFO - Process 6 - Starting training
2025-06-09 19:45:48,556 - process_6 - INFO - Process 6 - Starting testing
2025-06-09 20:10:45,655 - process_6 - INFO - Process 6 - Task 24/45 completed successfully
2025-06-09 20:10:45,656 - process_6 - INFO - Process 6 - Task 25/45 - seed: 11, exp: 5way_5shot, lambda: 0.8
2025-06-09 20:10:45,789 - process_6 - INFO - Process 6 - Starting training
2025-06-10 01:36:03,529 - process_6 - INFO - Process 6 - Starting testing
2025-06-10 02:01:04,121 - process_6 - INFO - Process 6 - Task 25/45 completed successfully
2025-06-10 02:01:04,123 - process_6 - INFO - Process 6 - Task 26/45 - seed: 11, exp: 5way_5shot, lambda: 0.9
2025-06-10 02:01:04,249 - process_6 - INFO - Process 6 - Starting training
2025-06-10 06:51:05,007 - process_6 - INFO - Process 6 - Starting testing
2025-06-10 07:06:16,577 - process_6 - INFO - Process 6 - Task 26/45 completed successfully
2025-06-10 07:06:16,578 - process_6 - INFO - Process 6 - Task 27/45 - seed: 11, exp: 5way_5shot, lambda: 1.0
2025-06-10 07:06:16,681 - process_6 - INFO - Process 6 - Starting training
2025-06-10 09:05:55,418 - process_6 - INFO - Process 6 - Starting testing
2025-06-10 09:20:53,644 - process_6 - INFO - Process 6 - Task 27/45 completed successfully
2025-06-10 09:20:53,644 - process_6 - INFO - Process 6 - Task 28/45 - seed: 11, exp: 5way_10shot, lambda: 0.1
2025-06-10 09:20:53,752 - process_6 - INFO - Process 6 - Starting training
2025-06-10 10:56:29,166 - process_6 - INFO - Process 6 - Starting testing
2025-06-10 11:11:21,186 - process_6 - INFO - Process 6 - Task 28/45 completed successfully
2025-06-10 11:11:21,187 - process_6 - INFO - Process 6 - Task 29/45 - seed: 11, exp: 5way_10shot, lambda: 0.2
2025-06-10 11:11:21,377 - process_6 - INFO - Process 6 - Starting training
2025-06-10 12:39:33,864 - process_6 - INFO - Process 6 - Starting testing
2025-06-10 12:54:20,087 - process_6 - INFO - Process 6 - Task 29/45 completed successfully
2025-06-10 12:54:20,088 - process_6 - INFO - Process 6 - Task 30/45 - seed: 11, exp: 5way_10shot, lambda: 0.3
2025-06-10 12:54:20,204 - process_6 - INFO - Process 6 - Starting training
2025-06-10 14:16:50,899 - process_6 - INFO - Process 6 - Starting testing
2025-06-10 14:42:10,770 - process_6 - INFO - Process 6 - Task 30/45 completed successfully
2025-06-10 14:42:10,770 - process_6 - INFO - Process 6 - Task 31/45 - seed: 11, exp: 5way_10shot, lambda: 0.4
2025-06-10 14:42:10,890 - process_6 - INFO - Process 6 - Starting training
2025-06-10 17:02:10,485 - process_6 - INFO - Process 6 - Starting testing
2025-06-10 17:26:54,330 - process_6 - INFO - Process 6 - Task 31/45 completed successfully
2025-06-10 17:26:54,330 - process_6 - INFO - Process 6 - Task 32/45 - seed: 11, exp: 5way_10shot, lambda: 0.6
2025-06-10 17:26:54,438 - process_6 - INFO - Process 6 - Starting training
2025-06-10 19:32:01,596 - process_6 - INFO - Process 6 - Starting testing
2025-06-10 19:56:38,384 - process_6 - INFO - Process 6 - Task 32/45 completed successfully
2025-06-10 19:56:38,385 - process_6 - INFO - Process 6 - Task 33/45 - seed: 11, exp: 5way_10shot, lambda: 0.7
2025-06-10 19:56:38,497 - process_6 - INFO - Process 6 - Starting training
2025-06-10 20:13:51,173 - process_6 - ERROR - Process 6 error with task (seed=11, exp=5way_10shot, lambda=0.7): DataLoader worker (pid 1586355) is killed by signal: Bus error. It is possible that dataloader's workers are out of shared memory. Please try to raise your shared memory limit.
2025-06-10 20:13:51,174 - process_6 - ERROR - Process 6 - Exception details: RuntimeError: DataLoader worker (pid 1586355) is killed by signal: Bus error. It is possible that dataloader's workers are out of shared memory. Please try to raise your shared memory limit.
2025-06-10 20:13:53,107 - process_6 - INFO - Process 6 - Task 34/45 - seed: 11, exp: 5way_10shot, lambda: 0.8
2025-06-10 20:13:53,361 - process_6 - INFO - Process 6 - Starting training
2025-06-10 22:33:43,285 - process_6 - INFO - Process 6 - Starting testing
2025-06-10 22:59:09,350 - process_6 - INFO - Process 6 - Task 34/45 completed successfully
2025-06-10 22:59:09,351 - process_6 - INFO - Process 6 - Task 35/45 - seed: 11, exp: 5way_10shot, lambda: 0.9
2025-06-10 22:59:09,458 - process_6 - INFO - Process 6 - Starting training
2025-06-11 01:31:39,670 - process_6 - INFO - Process 6 - Starting testing
2025-06-11 01:56:50,782 - process_6 - INFO - Process 6 - Task 35/45 completed successfully
2025-06-11 01:56:50,782 - process_6 - INFO - Process 6 - Task 36/45 - seed: 11, exp: 5way_10shot, lambda: 1.0
2025-06-11 01:56:50,890 - process_6 - INFO - Process 6 - Starting training
2025-06-11 05:53:30,943 - process_6 - INFO - Process 6 - Starting testing
2025-06-11 06:18:23,255 - process_6 - INFO - Process 6 - Task 36/45 completed successfully
2025-06-11 06:18:23,255 - process_6 - INFO - Process 6 - Task 37/45 - seed: 11, exp: 10way_5shot, lambda: 0.1
2025-06-11 06:18:23,393 - process_6 - INFO - Process 6 - Starting training
2025-06-11 08:49:57,262 - process_6 - INFO - Process 6 - Starting testing
2025-06-11 09:27:47,269 - process_6 - INFO - Process 6 - Task 37/45 completed successfully
2025-06-11 09:27:47,271 - process_6 - INFO - Process 6 - Task 38/45 - seed: 11, exp: 10way_5shot, lambda: 0.2
2025-06-11 09:27:47,462 - process_6 - INFO - Process 6 - Starting training
2025-06-11 13:25:33,640 - process_6 - INFO - Process 6 - Starting testing
2025-06-11 14:02:23,717 - process_6 - INFO - Process 6 - Task 38/45 completed successfully
2025-06-11 14:02:23,717 - process_6 - INFO - Process 6 - Task 39/45 - seed: 11, exp: 10way_5shot, lambda: 0.3
2025-06-11 14:02:23,846 - process_6 - INFO - Process 6 - Starting training
2025-06-11 17:36:44,305 - process_6 - INFO - Process 6 - Starting testing
2025-06-11 17:59:48,868 - process_6 - INFO - Process 6 - Task 39/45 completed successfully
2025-06-11 17:59:48,868 - process_6 - INFO - Process 6 - Task 40/45 - seed: 11, exp: 10way_5shot, lambda: 0.4
2025-06-11 17:59:48,976 - process_6 - INFO - Process 6 - Starting training
2025-06-11 19:52:35,800 - process_6 - INFO - Process 6 - Starting testing
2025-06-11 20:15:30,352 - process_6 - INFO - Process 6 - Task 40/45 completed successfully
2025-06-11 20:15:30,352 - process_6 - INFO - Process 6 - Task 41/45 - seed: 11, exp: 10way_5shot, lambda: 0.6
2025-06-11 20:15:30,458 - process_6 - INFO - Process 6 - Starting training
2025-06-11 21:59:23,384 - process_6 - INFO - Process 6 - Starting testing
2025-06-11 22:22:48,177 - process_6 - INFO - Process 6 - Task 41/45 completed successfully
2025-06-11 22:22:48,178 - process_6 - INFO - Process 6 - Task 42/45 - seed: 11, exp: 10way_5shot, lambda: 0.7
2025-06-11 22:22:48,289 - process_6 - INFO - Process 6 - Starting training
2025-06-12 00:15:13,042 - process_6 - INFO - Process 6 - Starting testing
2025-06-12 00:38:24,603 - process_6 - INFO - Process 6 - Task 42/45 completed successfully
2025-06-12 00:38:24,604 - process_6 - INFO - Process 6 - Task 43/45 - seed: 11, exp: 10way_5shot, lambda: 0.8
2025-06-12 00:38:24,771 - process_6 - INFO - Process 6 - Starting training
2025-06-12 03:50:36,114 - process_6 - INFO - Process 6 - Starting testing
2025-06-12 04:29:25,474 - process_6 - INFO - Process 6 - Task 43/45 completed successfully
2025-06-12 04:29:25,475 - process_6 - INFO - Process 6 - Task 44/45 - seed: 11, exp: 10way_5shot, lambda: 0.9
2025-06-12 04:29:25,578 - process_6 - INFO - Process 6 - Starting training
2025-06-12 09:45:58,776 - process_6 - INFO - Process 6 - Starting testing
2025-06-12 10:25:43,158 - process_6 - INFO - Process 6 - Task 44/45 completed successfully
2025-06-12 10:25:43,161 - process_6 - INFO - Process 6 - Task 45/45 - seed: 11, exp: 10way_5shot, lambda: 1.0
2025-06-12 10:25:43,305 - process_6 - INFO - Process 6 - Starting training
2025-06-12 13:23:28,321 - process_6 - INFO - Process 6 - Starting testing
2025-06-12 14:04:03,585 - process_6 - INFO - Process 6 - Task 45/45 completed successfully
2025-06-12 14:04:03,705 - process_6 - INFO - Process 6 completed all tasks
