2025-06-05 17:06:41,524 - process_3 - INFO - Process 3 started on cuda:3
2025-06-05 17:06:41,617 - process_3 - INFO - Process 3 - Task 1/45 - seed: 42, exp: 10way_10shot, lambda: 0.1
2025-06-05 17:06:41,779 - process_3 - INFO - Process 3 - Loading dataset
2025-06-05 17:06:41,804 - process_3 - INFO - Process 3 - Starting training
2025-06-06 01:12:09,120 - process_3 - INFO - Process 3 - Starting testing
2025-06-06 01:59:18,326 - process_3 - INFO - Process 3 - Task 1/45 completed successfully
2025-06-06 01:59:18,328 - process_3 - INFO - Process 3 - Task 2/45 - seed: 42, exp: 10way_10shot, lambda: 0.2
2025-06-06 01:59:18,521 - process_3 - INFO - Process 3 - Starting training
2025-06-06 07:19:13,539 - process_3 - INFO - Process 3 - Starting testing
2025-06-06 08:06:37,302 - process_3 - INFO - Process 3 - Task 2/45 completed successfully
2025-06-06 08:06:37,304 - process_3 - INFO - Process 3 - Task 3/45 - seed: 42, exp: 10way_10shot, lambda: 0.3
2025-06-06 08:06:37,433 - process_3 - INFO - Process 3 - Starting training
2025-06-06 11:50:43,188 - process_3 - INFO - Process 3 - Starting testing
2025-06-06 12:37:33,457 - process_3 - INFO - Process 3 - Task 3/45 completed successfully
2025-06-06 12:37:33,458 - process_3 - INFO - Process 3 - Task 4/45 - seed: 42, exp: 10way_10shot, lambda: 0.4
2025-06-06 12:37:33,581 - process_3 - INFO - Process 3 - Starting training
2025-06-06 20:08:38,904 - process_3 - INFO - Process 3 - Starting testing
2025-06-06 20:55:23,483 - process_3 - INFO - Process 3 - Task 4/45 completed successfully
2025-06-06 20:55:23,486 - process_3 - INFO - Process 3 - Task 5/45 - seed: 42, exp: 10way_10shot, lambda: 0.6
2025-06-06 20:55:23,687 - process_3 - INFO - Process 3 - Starting training
2025-06-07 07:18:48,672 - process_3 - INFO - Process 3 - Starting testing
2025-06-07 08:06:27,399 - process_3 - INFO - Process 3 - Task 5/45 completed successfully
2025-06-07 08:06:27,400 - process_3 - INFO - Process 3 - Task 6/45 - seed: 42, exp: 10way_10shot, lambda: 0.7
2025-06-07 08:06:27,520 - process_3 - INFO - Process 3 - Starting training
2025-06-07 13:41:05,437 - process_3 - INFO - Process 3 - Starting testing
2025-06-07 14:28:48,581 - process_3 - INFO - Process 3 - Task 6/45 completed successfully
2025-06-07 14:28:48,581 - process_3 - INFO - Process 3 - Task 7/45 - seed: 42, exp: 10way_10shot, lambda: 0.8
2025-06-07 14:28:48,719 - process_3 - INFO - Process 3 - Starting training
2025-06-07 18:49:32,542 - process_3 - INFO - Process 3 - Starting testing
2025-06-07 19:36:49,782 - process_3 - INFO - Process 3 - Task 7/45 completed successfully
2025-06-07 19:36:49,784 - process_3 - INFO - Process 3 - Task 8/45 - seed: 42, exp: 10way_10shot, lambda: 0.9
2025-06-07 19:36:49,914 - process_3 - INFO - Process 3 - Starting training
2025-06-07 22:51:35,786 - process_3 - INFO - Process 3 - Starting testing
2025-06-07 23:38:21,711 - process_3 - INFO - Process 3 - Task 8/45 completed successfully
2025-06-07 23:38:21,711 - process_3 - INFO - Process 3 - Task 9/45 - seed: 42, exp: 10way_10shot, lambda: 1.0
2025-06-07 23:38:21,827 - process_3 - INFO - Process 3 - Starting training
2025-06-08 06:22:13,876 - process_3 - INFO - Process 3 - Starting testing
2025-06-08 07:09:47,336 - process_3 - INFO - Process 3 - Task 9/45 completed successfully
2025-06-08 07:09:47,339 - process_3 - INFO - Process 3 - Task 10/45 - seed: 888, exp: 5way_5shot, lambda: 0.1
2025-06-08 07:09:47,500 - process_3 - INFO - Process 3 - Starting training
2025-06-08 11:57:58,405 - process_3 - INFO - Process 3 - Starting testing
2025-06-08 12:27:04,104 - process_3 - INFO - Process 3 - Task 10/45 completed successfully
2025-06-08 12:27:04,104 - process_3 - INFO - Process 3 - Task 11/45 - seed: 888, exp: 5way_5shot, lambda: 0.2
2025-06-08 12:27:04,235 - process_3 - INFO - Process 3 - Starting training
2025-06-08 16:14:05,945 - process_3 - INFO - Process 3 - Starting testing
2025-06-08 16:42:34,293 - process_3 - INFO - Process 3 - Task 11/45 completed successfully
2025-06-08 16:42:34,293 - process_3 - INFO - Process 3 - Task 12/45 - seed: 888, exp: 5way_5shot, lambda: 0.3
2025-06-08 16:42:34,443 - process_3 - INFO - Process 3 - Starting training
2025-06-08 19:38:01,150 - process_3 - INFO - Process 3 - Starting testing
2025-06-08 20:06:48,857 - process_3 - INFO - Process 3 - Task 12/45 completed successfully
2025-06-08 20:06:48,857 - process_3 - INFO - Process 3 - Task 13/45 - seed: 888, exp: 5way_5shot, lambda: 0.4
2025-06-08 20:06:48,971 - process_3 - INFO - Process 3 - Starting training
2025-06-08 22:10:23,610 - process_3 - INFO - Process 3 - Starting testing
2025-06-08 22:40:20,779 - process_3 - INFO - Process 3 - Task 13/45 completed successfully
2025-06-08 22:40:20,781 - process_3 - INFO - Process 3 - Task 14/45 - seed: 888, exp: 5way_5shot, lambda: 0.6
2025-06-08 22:40:20,900 - process_3 - INFO - Process 3 - Starting training
2025-06-09 02:51:25,009 - process_3 - INFO - Process 3 - Starting testing
2025-06-09 03:20:33,840 - process_3 - INFO - Process 3 - Task 14/45 completed successfully
2025-06-09 03:20:33,840 - process_3 - INFO - Process 3 - Task 15/45 - seed: 888, exp: 5way_5shot, lambda: 0.7
2025-06-09 03:20:33,977 - process_3 - INFO - Process 3 - Starting training
2025-06-09 06:16:41,232 - process_3 - ERROR - Process 3 error with task (seed=888, exp=5way_5shot, lambda=0.7): DataLoader worker (pid 4078460) is killed by signal: Bus error. It is possible that dataloader's workers are out of shared memory. Please try to raise your shared memory limit.
2025-06-09 06:16:41,233 - process_3 - ERROR - Process 3 - Exception details: RuntimeError: DataLoader worker (pid 4078460) is killed by signal: Bus error. It is possible that dataloader's workers are out of shared memory. Please try to raise your shared memory limit.
2025-06-09 06:16:41,750 - process_3 - INFO - Process 3 - Task 16/45 - seed: 888, exp: 5way_5shot, lambda: 0.8
2025-06-09 06:16:42,067 - process_3 - INFO - Process 3 - Starting training
2025-06-09 06:17:32,257 - process_3 - ERROR - Process 3 error with task (seed=888, exp=5way_5shot, lambda=0.8): 
2025-06-09 06:17:32,257 - process_3 - ERROR - Process 3 - Exception details: EOFError: 
2025-06-09 06:17:32,709 - process_3 - INFO - Process 3 - Task 17/45 - seed: 888, exp: 5way_5shot, lambda: 0.9
2025-06-09 06:17:33,012 - process_3 - INFO - Process 3 - Starting training
2025-06-09 06:17:44,184 - process_3 - ERROR - Process 3 error with task (seed=888, exp=5way_5shot, lambda=0.9): unable to write to file </torch_2399226_3327404413_347322>: No space left on device (28)
2025-06-09 06:17:44,185 - process_3 - ERROR - Process 3 - Exception details: RuntimeError: unable to write to file </torch_2399226_3327404413_347322>: No space left on device (28)
2025-06-09 06:17:44,585 - process_3 - INFO - Process 3 - Task 18/45 - seed: 888, exp: 5way_5shot, lambda: 1.0
2025-06-09 06:17:45,148 - process_3 - INFO - Process 3 - Starting training
2025-06-09 11:07:26,783 - process_3 - INFO - Process 3 - Starting testing
2025-06-09 11:37:12,471 - process_3 - INFO - Process 3 - Task 18/45 completed successfully
2025-06-09 11:37:12,471 - process_3 - INFO - Process 3 - Task 19/45 - seed: 888, exp: 5way_10shot, lambda: 0.1
2025-06-09 11:37:12,583 - process_3 - INFO - Process 3 - Starting training
2025-06-09 15:13:30,216 - process_3 - INFO - Process 3 - Starting testing
2025-06-09 15:42:47,854 - process_3 - INFO - Process 3 - Task 19/45 completed successfully
2025-06-09 15:42:47,855 - process_3 - INFO - Process 3 - Task 20/45 - seed: 888, exp: 5way_10shot, lambda: 0.2
2025-06-09 15:42:47,985 - process_3 - INFO - Process 3 - Starting training
2025-06-09 19:15:15,691 - process_3 - INFO - Process 3 - Starting testing
2025-06-09 19:45:13,963 - process_3 - INFO - Process 3 - Task 20/45 completed successfully
2025-06-09 19:45:13,965 - process_3 - INFO - Process 3 - Task 21/45 - seed: 888, exp: 5way_10shot, lambda: 0.3
2025-06-09 19:45:14,098 - process_3 - INFO - Process 3 - Starting training
2025-06-09 23:55:02,971 - process_3 - INFO - Process 3 - Starting testing
2025-06-10 00:24:33,010 - process_3 - INFO - Process 3 - Task 21/45 completed successfully
2025-06-10 00:24:33,012 - process_3 - INFO - Process 3 - Task 22/45 - seed: 888, exp: 5way_10shot, lambda: 0.4
2025-06-10 00:24:33,142 - process_3 - INFO - Process 3 - Starting training
2025-06-10 03:44:27,792 - process_3 - INFO - Process 3 - Starting testing
2025-06-10 04:03:58,131 - process_3 - INFO - Process 3 - Task 22/45 completed successfully
2025-06-10 04:03:58,133 - process_3 - INFO - Process 3 - Task 23/45 - seed: 888, exp: 5way_10shot, lambda: 0.6
2025-06-10 04:03:58,249 - process_3 - INFO - Process 3 - Starting training
2025-06-10 05:48:36,090 - process_3 - INFO - Process 3 - Starting testing
2025-06-10 06:07:59,956 - process_3 - INFO - Process 3 - Task 23/45 completed successfully
2025-06-10 06:07:59,957 - process_3 - INFO - Process 3 - Task 24/45 - seed: 888, exp: 5way_10shot, lambda: 0.7
2025-06-10 06:08:00,081 - process_3 - INFO - Process 3 - Starting training
2025-06-10 08:00:42,485 - process_3 - INFO - Process 3 - Starting testing
2025-06-10 08:09:19,641 - process_3 - ERROR - Process 3 error with task (seed=888, exp=5way_10shot, lambda=0.7): DataLoader worker (pid 1058180) is killed by signal: Bus error. It is possible that dataloader's workers are out of shared memory. Please try to raise your shared memory limit.
2025-06-10 08:09:19,642 - process_3 - ERROR - Process 3 - Exception details: RuntimeError: DataLoader worker (pid 1058180) is killed by signal: Bus error. It is possible that dataloader's workers are out of shared memory. Please try to raise your shared memory limit.
2025-06-10 08:09:20,110 - process_3 - INFO - Process 3 - Task 25/45 - seed: 888, exp: 5way_10shot, lambda: 0.8
2025-06-10 08:09:20,454 - process_3 - INFO - Process 3 - Starting training
2025-06-10 10:40:47,761 - process_3 - INFO - Process 3 - Starting testing
2025-06-10 11:00:22,337 - process_3 - INFO - Process 3 - Task 25/45 completed successfully
2025-06-10 11:00:22,337 - process_3 - INFO - Process 3 - Task 26/45 - seed: 888, exp: 5way_10shot, lambda: 0.9
2025-06-10 11:00:22,538 - process_3 - INFO - Process 3 - Starting training
2025-06-10 12:47:11,732 - process_3 - INFO - Process 3 - Starting testing
2025-06-10 13:06:26,237 - process_3 - INFO - Process 3 - Task 26/45 completed successfully
2025-06-10 13:06:26,237 - process_3 - INFO - Process 3 - Task 27/45 - seed: 888, exp: 5way_10shot, lambda: 1.0
2025-06-10 13:06:26,393 - process_3 - INFO - Process 3 - Starting training
2025-06-10 15:44:38,069 - process_3 - INFO - Process 3 - Starting testing
2025-06-10 16:15:01,283 - process_3 - INFO - Process 3 - Task 27/45 completed successfully
2025-06-10 16:15:01,284 - process_3 - INFO - Process 3 - Task 28/45 - seed: 888, exp: 10way_5shot, lambda: 0.1
2025-06-10 16:15:01,413 - process_3 - INFO - Process 3 - Starting training
2025-06-10 23:39:08,354 - process_3 - INFO - Process 3 - Starting testing
2025-06-11 00:28:27,603 - process_3 - INFO - Process 3 - Task 28/45 completed successfully
2025-06-11 00:28:27,604 - process_3 - INFO - Process 3 - Task 29/45 - seed: 888, exp: 10way_5shot, lambda: 0.2
2025-06-11 00:28:27,736 - process_3 - INFO - Process 3 - Starting training
2025-06-11 05:42:01,913 - process_3 - INFO - Process 3 - Starting testing
2025-06-11 06:30:44,165 - process_3 - INFO - Process 3 - Task 29/45 completed successfully
2025-06-11 06:30:44,167 - process_3 - INFO - Process 3 - Task 30/45 - seed: 888, exp: 10way_5shot, lambda: 0.3
2025-06-11 06:30:44,296 - process_3 - INFO - Process 3 - Starting training
2025-06-11 10:53:56,304 - process_3 - INFO - Process 3 - Starting testing
2025-06-11 11:43:19,500 - process_3 - INFO - Process 3 - Task 30/45 completed successfully
2025-06-11 11:43:19,503 - process_3 - INFO - Process 3 - Task 31/45 - seed: 888, exp: 10way_5shot, lambda: 0.4
2025-06-11 11:43:19,685 - process_3 - INFO - Process 3 - Starting training
2025-06-11 20:08:37,158 - process_3 - INFO - Process 3 - Starting testing
2025-06-11 20:39:25,592 - process_3 - INFO - Process 3 - Task 31/45 completed successfully
2025-06-11 20:39:25,593 - process_3 - INFO - Process 3 - Task 32/45 - seed: 888, exp: 10way_5shot, lambda: 0.6
2025-06-11 20:39:25,721 - process_3 - INFO - Process 3 - Starting training
2025-06-11 23:52:20,355 - process_3 - INFO - Process 3 - Starting testing
2025-06-12 00:23:02,013 - process_3 - INFO - Process 3 - Task 32/45 completed successfully
2025-06-12 00:23:02,014 - process_3 - INFO - Process 3 - Task 33/45 - seed: 888, exp: 10way_5shot, lambda: 0.7
2025-06-12 00:23:02,130 - process_3 - INFO - Process 3 - Starting training
2025-06-12 09:45:44,236 - process_3 - INFO - Process 3 - Starting testing
2025-06-12 10:36:50,760 - process_3 - INFO - Process 3 - Task 33/45 completed successfully
2025-06-12 10:36:50,762 - process_3 - INFO - Process 3 - Task 34/45 - seed: 888, exp: 10way_5shot, lambda: 0.8
2025-06-12 10:36:50,874 - process_3 - INFO - Process 3 - Starting training
2025-06-12 15:21:37,778 - process_3 - INFO - Process 3 - Starting testing
2025-06-12 16:13:23,348 - process_3 - INFO - Process 3 - Task 34/45 completed successfully
2025-06-12 16:13:23,350 - process_3 - INFO - Process 3 - Task 35/45 - seed: 888, exp: 10way_5shot, lambda: 0.9
2025-06-12 16:13:23,471 - process_3 - INFO - Process 3 - Starting training
2025-06-13 00:09:31,274 - process_3 - INFO - Process 3 - Starting testing
2025-06-13 01:01:22,103 - process_3 - INFO - Process 3 - Task 35/45 completed successfully
2025-06-13 01:01:22,105 - process_3 - INFO - Process 3 - Task 36/45 - seed: 888, exp: 10way_5shot, lambda: 1.0
2025-06-13 01:01:22,231 - process_3 - INFO - Process 3 - Starting training
2025-06-13 11:23:06,988 - process_3 - INFO - Process 3 - Starting testing
2025-06-13 12:14:51,361 - process_3 - INFO - Process 3 - Task 36/45 completed successfully
2025-06-13 12:14:51,361 - process_3 - INFO - Process 3 - Task 37/45 - seed: 888, exp: 10way_10shot, lambda: 0.1
2025-06-13 12:14:51,485 - process_3 - INFO - Process 3 - Starting training
2025-06-13 20:06:58,898 - process_3 - INFO - Process 3 - Starting testing
2025-06-13 20:58:43,412 - process_3 - INFO - Process 3 - Task 37/45 completed successfully
2025-06-13 20:58:43,412 - process_3 - INFO - Process 3 - Task 38/45 - seed: 888, exp: 10way_10shot, lambda: 0.2
2025-06-13 20:58:43,539 - process_3 - INFO - Process 3 - Starting training
2025-06-14 03:04:55,305 - process_3 - INFO - Process 3 - Starting testing
2025-06-14 03:56:40,197 - process_3 - INFO - Process 3 - Task 38/45 completed successfully
2025-06-14 03:56:40,198 - process_3 - INFO - Process 3 - Task 39/45 - seed: 888, exp: 10way_10shot, lambda: 0.3
2025-06-14 03:56:40,310 - process_3 - INFO - Process 3 - Starting training
2025-06-14 09:55:41,371 - process_3 - INFO - Process 3 - Starting testing
2025-06-14 10:47:32,534 - process_3 - INFO - Process 3 - Task 39/45 completed successfully
2025-06-14 10:47:32,534 - process_3 - INFO - Process 3 - Task 40/45 - seed: 888, exp: 10way_10shot, lambda: 0.4
2025-06-14 10:47:32,653 - process_3 - INFO - Process 3 - Starting training
2025-06-14 14:45:12,739 - process_3 - INFO - Process 3 - Starting testing
2025-06-14 15:36:55,048 - process_3 - INFO - Process 3 - Task 40/45 completed successfully
2025-06-14 15:36:55,050 - process_3 - INFO - Process 3 - Task 41/45 - seed: 888, exp: 10way_10shot, lambda: 0.6
2025-06-14 15:36:55,158 - process_3 - INFO - Process 3 - Starting training
2025-06-14 21:10:23,923 - process_3 - INFO - Process 3 - Starting testing
2025-06-14 22:01:58,422 - process_3 - INFO - Process 3 - Task 41/45 completed successfully
2025-06-14 22:01:58,423 - process_3 - INFO - Process 3 - Task 42/45 - seed: 888, exp: 10way_10shot, lambda: 0.7
2025-06-14 22:01:58,528 - process_3 - INFO - Process 3 - Starting training
