2025-06-05 17:06:39,374 - process_7 - INFO - Process 7 started on cuda:7
2025-06-05 17:06:40,790 - process_7 - INFO - Process 7 - Task 1/45 - seed: 11, exp: 10way_10shot, lambda: 0.1
2025-06-05 17:06:40,928 - process_7 - INFO - Process 7 - Loading dataset
2025-06-05 17:06:40,951 - process_7 - INFO - Process 7 - Starting training
2025-06-06 05:12:57,043 - process_7 - INFO - Process 7 - Starting testing
2025-06-06 05:41:49,251 - process_7 - INFO - Process 7 - Task 1/45 completed successfully
2025-06-06 05:41:49,251 - process_7 - INFO - Process 7 - Task 2/45 - seed: 11, exp: 10way_10shot, lambda: 0.2
2025-06-06 05:41:49,367 - process_7 - INFO - Process 7 - Starting training
2025-06-06 12:19:08,728 - process_7 - INFO - Process 7 - Starting testing
2025-06-06 12:48:23,128 - process_7 - INFO - Process 7 - Task 2/45 completed successfully
2025-06-06 12:48:23,129 - process_7 - INFO - Process 7 - Task 3/45 - seed: 11, exp: 10way_10shot, lambda: 0.3
2025-06-06 12:48:23,275 - process_7 - INFO - Process 7 - Starting training
2025-06-06 15:36:01,821 - process_7 - INFO - Process 7 - Starting testing
2025-06-06 16:05:48,277 - process_7 - INFO - Process 7 - Task 3/45 completed successfully
2025-06-06 16:05:48,278 - process_7 - INFO - Process 7 - Task 4/45 - seed: 11, exp: 10way_10shot, lambda: 0.4
2025-06-06 16:05:48,415 - process_7 - INFO - Process 7 - Starting training
2025-06-06 19:41:24,174 - process_7 - INFO - Process 7 - Starting testing
2025-06-06 20:11:16,760 - process_7 - INFO - Process 7 - Task 4/45 completed successfully
2025-06-06 20:11:16,761 - process_7 - INFO - Process 7 - Task 5/45 - seed: 11, exp: 10way_10shot, lambda: 0.6
2025-06-06 20:11:16,958 - process_7 - INFO - Process 7 - Starting training
2025-06-07 00:53:48,792 - process_7 - INFO - Process 7 - Starting testing
2025-06-07 01:23:08,209 - process_7 - INFO - Process 7 - Task 5/45 completed successfully
2025-06-07 01:23:08,211 - process_7 - INFO - Process 7 - Task 6/45 - seed: 11, exp: 10way_10shot, lambda: 0.7
2025-06-07 01:23:08,350 - process_7 - INFO - Process 7 - Starting training
2025-06-07 07:13:10,978 - process_7 - INFO - Process 7 - Starting testing
2025-06-07 07:42:47,651 - process_7 - INFO - Process 7 - Task 6/45 completed successfully
2025-06-07 07:42:47,652 - process_7 - INFO - Process 7 - Task 7/45 - seed: 11, exp: 10way_10shot, lambda: 0.8
2025-06-07 07:42:47,770 - process_7 - INFO - Process 7 - Starting training
2025-06-07 12:34:01,423 - process_7 - INFO - Process 7 - Starting testing
2025-06-07 13:03:27,998 - process_7 - INFO - Process 7 - Task 7/45 completed successfully
2025-06-07 13:03:28,001 - process_7 - INFO - Process 7 - Task 8/45 - seed: 11, exp: 10way_10shot, lambda: 0.9
2025-06-07 13:03:28,175 - process_7 - INFO - Process 7 - Starting training
2025-06-07 16:25:27,348 - process_7 - INFO - Process 7 - Starting testing
2025-06-07 16:54:50,732 - process_7 - INFO - Process 7 - Task 8/45 completed successfully
2025-06-07 16:54:50,732 - process_7 - INFO - Process 7 - Task 9/45 - seed: 11, exp: 10way_10shot, lambda: 1.0
2025-06-07 16:54:50,847 - process_7 - INFO - Process 7 - Starting training
2025-06-07 20:23:41,769 - process_7 - INFO - Process 7 - Starting testing
2025-06-07 20:52:41,664 - process_7 - INFO - Process 7 - Task 9/45 completed successfully
2025-06-07 20:52:41,665 - process_7 - INFO - Process 7 - Task 10/45 - seed: 19, exp: 5way_5shot, lambda: 0.1
2025-06-07 20:52:41,783 - process_7 - INFO - Process 7 - Starting training
2025-06-08 00:01:54,555 - process_7 - INFO - Process 7 - Starting testing
2025-06-08 00:24:38,115 - process_7 - INFO - Process 7 - Task 10/45 completed successfully
2025-06-08 00:24:38,115 - process_7 - INFO - Process 7 - Task 11/45 - seed: 19, exp: 5way_5shot, lambda: 0.2
2025-06-08 00:24:38,242 - process_7 - INFO - Process 7 - Starting training
2025-06-08 02:39:03,728 - process_7 - INFO - Process 7 - Starting testing
2025-06-08 03:02:01,204 - process_7 - INFO - Process 7 - Task 11/45 completed successfully
2025-06-08 03:02:01,205 - process_7 - INFO - Process 7 - Task 12/45 - seed: 19, exp: 5way_5shot, lambda: 0.3
2025-06-08 03:02:01,325 - process_7 - INFO - Process 7 - Starting training
2025-06-08 06:34:56,983 - process_7 - INFO - Process 7 - Starting testing
2025-06-08 06:57:38,660 - process_7 - INFO - Process 7 - Task 12/45 completed successfully
2025-06-08 06:57:38,661 - process_7 - INFO - Process 7 - Task 13/45 - seed: 19, exp: 5way_5shot, lambda: 0.4
2025-06-08 06:57:38,821 - process_7 - INFO - Process 7 - Starting training
2025-06-08 13:40:35,256 - process_7 - INFO - Process 7 - Starting testing
2025-06-08 14:02:47,295 - process_7 - INFO - Process 7 - Task 13/45 completed successfully
2025-06-08 14:02:47,295 - process_7 - INFO - Process 7 - Task 14/45 - seed: 19, exp: 5way_5shot, lambda: 0.6
2025-06-08 14:02:47,486 - process_7 - INFO - Process 7 - Starting training
2025-06-08 16:18:13,332 - process_7 - INFO - Process 7 - Starting testing
2025-06-08 16:40:40,727 - process_7 - INFO - Process 7 - Task 14/45 completed successfully
2025-06-08 16:40:40,727 - process_7 - INFO - Process 7 - Task 15/45 - seed: 19, exp: 5way_5shot, lambda: 0.7
2025-06-08 16:40:40,848 - process_7 - INFO - Process 7 - Starting training
2025-06-08 18:44:01,570 - process_7 - INFO - Process 7 - Starting testing
2025-06-08 19:07:17,385 - process_7 - INFO - Process 7 - Task 15/45 completed successfully
2025-06-08 19:07:17,386 - process_7 - INFO - Process 7 - Task 16/45 - seed: 19, exp: 5way_5shot, lambda: 0.8
2025-06-08 19:07:17,537 - process_7 - INFO - Process 7 - Starting training
2025-06-08 23:02:19,138 - process_7 - INFO - Process 7 - Starting testing
2025-06-08 23:25:17,528 - process_7 - INFO - Process 7 - Task 16/45 completed successfully
2025-06-08 23:25:17,529 - process_7 - INFO - Process 7 - Task 17/45 - seed: 19, exp: 5way_5shot, lambda: 0.9
2025-06-08 23:25:17,653 - process_7 - INFO - Process 7 - Starting training
2025-06-09 04:47:43,346 - process_7 - INFO - Process 7 - Starting testing
2025-06-09 05:10:17,067 - process_7 - INFO - Process 7 - Task 17/45 completed successfully
2025-06-09 05:10:17,068 - process_7 - INFO - Process 7 - Task 18/45 - seed: 19, exp: 5way_5shot, lambda: 1.0
2025-06-09 05:10:17,193 - process_7 - INFO - Process 7 - Starting training
2025-06-09 06:16:41,322 - process_7 - ERROR - Process 7 error with task (seed=19, exp=5way_5shot, lambda=1.0): DataLoader worker (pid 4079081) is killed by signal: Bus error. It is possible that dataloader's workers are out of shared memory. Please try to raise your shared memory limit.
2025-06-09 06:16:41,322 - process_7 - ERROR - Process 7 - Exception details: RuntimeError: DataLoader worker (pid 4079081) is killed by signal: Bus error. It is possible that dataloader's workers are out of shared memory. Please try to raise your shared memory limit.
2025-06-09 06:16:41,706 - process_7 - INFO - Process 7 - Task 19/45 - seed: 19, exp: 5way_10shot, lambda: 0.1
2025-06-09 06:16:41,953 - process_7 - INFO - Process 7 - Starting training
2025-06-09 06:17:32,090 - process_7 - ERROR - Process 7 error with task (seed=19, exp=5way_10shot, lambda=0.1): [Errno 104] Connection reset by peer
2025-06-09 06:17:32,090 - process_7 - ERROR - Process 7 - Exception details: ConnectionResetError: [Errno 104] Connection reset by peer
2025-06-09 06:17:32,592 - process_7 - INFO - Process 7 - Task 20/45 - seed: 19, exp: 5way_10shot, lambda: 0.2
2025-06-09 06:17:32,965 - process_7 - INFO - Process 7 - Starting training
